# JRE version: Java(TM) SE Runtime Environment (16.0.1+9) (build 16.0.1+9-24)
# Java VM: Java HotSpot(TM) 64-Bit Server VM (16.0.1+9-24, mixed mode, sharing, tiered, compressed oops, compressed class ptrs, g1 gc, windows-amd64)
GC Precious Log:
 CPUs: 8 total, 8 available
 Memory: 8026M
 Large Page Support: Disabled
 NUMA Support: Disabled
 Compressed Oops: Enabled (32-bit)
 Heap Region Size: 1M
 Heap Min Capacity: 8M
 Heap Initial Capacity: 126M
 Heap Max Capacity: 2008M
 Pre-touch: Disabled
 Parallel Workers: 8
 Concurrent Workers: 2
 Concurrent Refinement Workers: 8
 Periodic GC: Disabled
Heap:
 garbage-first heap   total 64512K, used 19172K [0x0000000082800000, 0x0000000100000000)
  region size 1024K, 7 young (7168K), 5 survivors (5120K)
 Metaspace       used 25306K, committed 25600K, reserved 1073152K
  class space    used 2660K, committed 2816K, reserved 1048576K
GC Heap History (12 events):
Event: 0.746 GC heap before
{Heap before GC invocations=0 (full 0):
 garbage-first heap   total 129024K, used 23552K [0x0000000082800000, 0x0000000100000000)
  region size 1024K, 23 young (23552K), 0 survivors (0K)
 Metaspace       used 5011K, committed 5184K, reserved 1056768K
  class space    used 517K, committed 640K, reserved 1048576K
}
Event: 0.750 GC heap after
{Heap after GC invocations=1 (full 0):
 garbage-first heap   total 129024K, used 6905K [0x0000000082800000, 0x0000000100000000)
  region size 1024K, 3 young (3072K), 3 survivors (3072K)
 Metaspace       used 5011K, committed 5184K, reserved 1056768K
  class space    used 517K, committed 640K, reserved 1048576K
}
Event: 1.018 GC heap before
{Heap before GC invocations=1 (full 0):
 garbage-first heap   total 129024K, used 36601K [0x0000000082800000, 0x0000000100000000)
  region size 1024K, 32 young (32768K), 3 survivors (3072K)
 Metaspace       used 8153K, committed 8320K, reserved 1056768K
  class space    used 811K, committed 896K, reserved 1048576K
}
Event: 1.021 GC heap after
{Heap after GC invocations=2 (full 0):
 garbage-first heap   total 129024K, used 7323K [0x0000000082800000, 0x0000000100000000)
  region size 1024K, 1 young (1024K), 1 survivors (1024K)
 Metaspace       used 8153K, committed 8320K, reserved 1056768K
  class space    used 811K, committed 896K, reserved 1048576K
}
Event: 1.921 GC heap before
{Heap before GC invocations=2 (full 0):
 garbage-first heap   total 129024K, used 83099K [0x0000000082800000, 0x0000000100000000)
  region size 1024K, 75 young (76800K), 1 survivors (1024K)
 Metaspace       used 16029K, committed 16256K, reserved 1064960K
  class space    used 1726K, committed 1856K, reserved 1048576K
}
Event: 1.925 GC heap after
{Heap after GC invocations=3 (full 0):
 garbage-first heap   total 129024K, used 10072K [0x0000000082800000, 0x0000000100000000)
  region size 1024K, 4 young (4096K), 4 survivors (4096K)
 Metaspace       used 16029K, committed 16256K, reserved 1064960K
  class space    used 1726K, committed 1856K, reserved 1048576K
}
Event: 2.413 GC heap before
{Heap before GC invocations=3 (full 0):
 garbage-first heap   total 129024K, used 56152K [0x0000000082800000, 0x0000000100000000)
  region size 1024K, 50 young (51200K), 4 survivors (4096K)
 Metaspace       used 20984K, committed 21248K, reserved 1073152K
  class space    used 2259K, committed 2432K, reserved 1048576K
}
Event: 2.419 GC heap after
{Heap after GC invocations=4 (full 0):
 garbage-first heap   total 129024K, used 12933K [0x0000000082800000, 0x0000000100000000)
  region size 1024K, 7 young (7168K), 7 survivors (7168K)
 Metaspace       used 20984K, committed 21248K, reserved 1073152K
  class space    used 2259K, committed 2432K, reserved 1048576K
}
Event: 2.720 GC heap before
{Heap before GC invocations=5 (full 0):
 garbage-first heap   total 51200K, used 48773K [0x0000000082800000, 0x0000000100000000)
  region size 1024K, 43 young (44032K), 7 survivors (7168K)
 Metaspace       used 23074K, committed 23424K, reserved 1073152K
  class space    used 2468K, committed 2624K, reserved 1048576K
}
Event: 2.728 GC heap after
{Heap after GC invocations=6 (full 0):
 garbage-first heap   total 61440K, used 15578K [0x0000000082800000, 0x0000000100000000)
  region size 1024K, 6 young (6144K), 6 survivors (6144K)
 Metaspace       used 23074K, committed 23424K, reserved 1073152K
  class space    used 2468K, committed 2624K, reserved 1048576K
}
Event: 4.043 GC heap before
{Heap before GC invocations=6 (full 0):
 garbage-first heap   total 61440K, used 53466K [0x0000000082800000, 0x0000000100000000)
  region size 1024K, 34 young (34816K), 6 survivors (6144K)
 Metaspace       used 25175K, committed 25536K, reserved 1073152K
  class space    used 2649K, committed 2816K, reserved 1048576K
}
Event: 4.050 GC heap after
{Heap after GC invocations=7 (full 0):
 garbage-first heap   total 64512K, used 18148K [0x0000000082800000, 0x0000000100000000)
  region size 1024K, 5 young (5120K), 5 survivors (5120K)
 Metaspace       used 25175K, committed 25536K, reserved 1073152K
  class space    used 2649K, committed 2816K, reserved 1048576K
}

